<?xml version="1.0" encoding="UTF-8" ?>
<testsuite tests="36" failures="0" name="edu.yu.cs.com1320.project.stage5.impl.JudahDocumentStoreStage4Test" time="0.565" errors="0" skipped="0">
  <properties>
[...]
</properties>
  <testcase classname="edu.yu.cs.com1320.project.stage5.impl.JudahDocumentStoreStage4Test" name="stage3DeleteAllWithPrefix" time="0.015"/>
  <testcase classname="edu.yu.cs.com1320.project.stage5.impl.JudahDocumentStoreStage4Test" name="stage3SearchPDFs" time="0.074"/>
  <testcase classname="edu.yu.cs.com1320.project.stage5.impl.JudahDocumentStoreStage4Test" name="stage4TestUpdateDocLastUseTimeOnSearchPDFs" time="0.015"/>
  <testcase classname="edu.yu.cs.com1320.project.stage5.impl.JudahDocumentStoreStage4Test" name="stage4TestUpdateDocLastUseTimeOnSearch" time="0"/>
  <testcase classname="edu.yu.cs.com1320.project.stage5.impl.JudahDocumentStoreStage4Test" name="stage3SearchByPrefix" time="0"/>
  <testcase classname="edu.yu.cs.com1320.project.stage5.impl.JudahDocumentStoreStage4Test" name="stage4TestMaxDocBytesViaSearch" time="0.032"/>
  <testcase classname="edu.yu.cs.com1320.project.stage5.impl.JudahDocumentStoreStage4Test" name="testPutPdfDocumentNoPreviousDocAtURI" time="0.008"/>
  <testcase classname="edu.yu.cs.com1320.project.stage5.impl.JudahDocumentStoreStage4Test" name="stage4TestMaxDocCountViaPut" time="0.02"/>
  <testcase classname="edu.yu.cs.com1320.project.stage5.impl.JudahDocumentStoreStage4Test" name="stage4TestMaxDocsWhenDoubleMaxViaPut" time="0.031"/>
  <testcase classname="edu.yu.cs.com1320.project.stage5.impl.JudahDocumentStoreStage4Test" name="stage3TestSearchByKeyword" time="0.01"/>
  <testcase classname="edu.yu.cs.com1320.project.stage5.impl.JudahDocumentStoreStage4Test" name="stage4TestNoUpdateDocLastUseTimeOnProtectedGet" time="0.01"/>
  <testcase classname="edu.yu.cs.com1320.project.stage5.impl.JudahDocumentStoreStage4Test" name="stage4TestUpdateDocLastUseTimeOnSearchByPrefix" time="0"/>
  <testcase classname="edu.yu.cs.com1320.project.stage5.impl.JudahDocumentStoreStage4Test" name="stage4TestMaxBytesWhenDoubleMaxViaPut" time="0.02"/>
  <testcase classname="edu.yu.cs.com1320.project.stage5.impl.JudahDocumentStoreStage4Test" name="testPutNewVersionOfDocumentPdf" time="0.018"/>
  <testcase classname="edu.yu.cs.com1320.project.stage5.impl.JudahDocumentStoreStage4Test" name="testPutNewVersionOfDocumentTxt" time="0.002"/>
  <testcase classname="edu.yu.cs.com1320.project.stage5.impl.JudahDocumentStoreStage4Test" name="testGetTxtDocAsPdf" time="0.008"/>
  <testcase classname="edu.yu.cs.com1320.project.stage5.impl.JudahDocumentStoreStage4Test" name="testGetTxtDocAsTxt" time="0.002"/>
  <testcase classname="edu.yu.cs.com1320.project.stage5.impl.JudahDocumentStoreStage4Test" name="stage4TestUpdateDocLastUseTimeOnSearchPDFsByPrefix" time="0.011"/>
  <testcase classname="edu.yu.cs.com1320.project.stage5.impl.JudahDocumentStoreStage4Test" name="stage3DeleteAll" time="0"/>
  <testcase classname="edu.yu.cs.com1320.project.stage5.impl.JudahDocumentStoreStage4Test" name="stage4TestUndoAfterMaxBytes" time="0.02"/>
  <testcase classname="edu.yu.cs.com1320.project.stage5.impl.JudahDocumentStoreStage4Test" name="stage4TestUpdateDocLastUseTimeOnPut" time="0.008"/>
  <testcase classname="edu.yu.cs.com1320.project.stage5.impl.JudahDocumentStoreStage4Test" name="stage3TestDeleteAllByKeyword" time="0.01"/>
  <testcase classname="edu.yu.cs.com1320.project.stage5.impl.JudahDocumentStoreStage4Test" name="stage4TestUndoAfterMaxDocCount" time="0.018"/>
  <testcase classname="edu.yu.cs.com1320.project.stage5.impl.JudahDocumentStoreStage4Test" name="testDeleteDoc" time="0.002"/>
  <testcase classname="edu.yu.cs.com1320.project.stage5.impl.JudahDocumentStoreStage4Test" name="testDeleteDocReturnValue" time="0.01"/>
  <testcase classname="edu.yu.cs.com1320.project.stage5.impl.JudahDocumentStoreStage4Test" name="stage3TestSearchByPrefix" time="0.021"/>
  <testcase classname="edu.yu.cs.com1320.project.stage5.impl.JudahDocumentStoreStage4Test" name="stage3SearchPDFsByPrefix" time="0.02"/>
  <testcase classname="edu.yu.cs.com1320.project.stage5.impl.JudahDocumentStoreStage4Test" name="stage4TestUpdateDocLastUseTimeOnOverwrite" time="0.008"/>
  <testcase classname="edu.yu.cs.com1320.project.stage5.impl.JudahDocumentStoreStage4Test" name="stage3Search" time="0.002"/>
  <testcase classname="edu.yu.cs.com1320.project.stage5.impl.JudahDocumentStoreStage4Test" name="stage4TestMaxDocBytesViaPut" time="0.03"/>
  <testcase classname="edu.yu.cs.com1320.project.stage5.impl.JudahDocumentStoreStage4Test" name="testPutTxtDocumentNoPreviousDocAtURI" time="0"/>
  <testcase classname="edu.yu.cs.com1320.project.stage5.impl.JudahDocumentStoreStage4Test" name="testGetPdfDocAsPdf" time="0.01"/>
  <testcase classname="edu.yu.cs.com1320.project.stage5.impl.JudahDocumentStoreStage4Test" name="testGetPdfDocAsTxt" time="0.01"/>
  <testcase classname="edu.yu.cs.com1320.project.stage5.impl.JudahDocumentStoreStage4Test" name="stage3TestDeleteAllByPrefix" time="0.019"/>
  <testcase classname="edu.yu.cs.com1320.project.stage5.impl.JudahDocumentStoreStage4Test" name="testPutDocumentWithNullArguments" time="0.002"/>
  <testcase classname="edu.yu.cs.com1320.project.stage5.impl.JudahDocumentStoreStage4Test" name="stage4TestMaxDocCountViaSearch" time="0.099"/>
</testsuite>