<?xml version="1.0" encoding="UTF-8" ?>
<testsuite tests="31" failures="0" name="edu.yu.cs.com1320.project.stage5.impl.BaseDirNonNullTest" time="0.269" errors="0" skipped="0">
  <properties>
[...]
</properties>
  <testcase classname="edu.yu.cs.com1320.project.stage5.impl.BaseDirNonNullTest" name="searchReheapify1" time="0.016"/>
  <testcase classname="edu.yu.cs.com1320.project.stage5.impl.BaseDirNonNullTest" name="searchReheapify2" time="0"/>
  <testcase classname="edu.yu.cs.com1320.project.stage5.impl.BaseDirNonNullTest" name="putSameDoc" time="0.016"/>
  <testcase classname="edu.yu.cs.com1320.project.stage5.impl.BaseDirNonNullTest" name="setAfterTest" time="0"/>
  <testcase classname="edu.yu.cs.com1320.project.stage5.impl.BaseDirNonNullTest" name="searchPrefixReheapify1" time="0.015"/>
  <testcase classname="edu.yu.cs.com1320.project.stage5.impl.BaseDirNonNullTest" name="searchPrefixReheapify2" time="0"/>
  <testcase classname="edu.yu.cs.com1320.project.stage5.impl.BaseDirNonNullTest" name="getPdf" time="0.016"/>
  <testcase classname="edu.yu.cs.com1320.project.stage5.impl.BaseDirNonNullTest" name="undoDeleteAll" time="0.006"/>
  <testcase classname="edu.yu.cs.com1320.project.stage5.impl.BaseDirNonNullTest" name="searchPdfReheapify1" time="0"/>
  <testcase classname="edu.yu.cs.com1320.project.stage5.impl.BaseDirNonNullTest" name="searchPdfReheapify2" time="0"/>
  <testcase classname="edu.yu.cs.com1320.project.stage5.impl.BaseDirNonNullTest" name="searchList" time="0.022"/>
  <testcase classname="edu.yu.cs.com1320.project.stage5.impl.BaseDirNonNullTest" name="searchTest" time="0.003"/>
  <testcase classname="edu.yu.cs.com1320.project.stage5.impl.BaseDirNonNullTest" name="getDocPDFReheapify1" time="0"/>
  <testcase classname="edu.yu.cs.com1320.project.stage5.impl.BaseDirNonNullTest" name="getDocPDFReheapify2" time="0.015"/>
  <testcase classname="edu.yu.cs.com1320.project.stage5.impl.BaseDirNonNullTest" name="undoReplaceDocsUsed" time="0.047"/>
  <testcase classname="edu.yu.cs.com1320.project.stage5.impl.BaseDirNonNullTest" name="searchPDFPrefixList" time="0.013"/>
  <testcase classname="edu.yu.cs.com1320.project.stage5.impl.BaseDirNonNullTest" name="searchPDFList" time="0"/>
  <testcase classname="edu.yu.cs.com1320.project.stage5.impl.BaseDirNonNullTest" name="searchPDFTest" time="0.021"/>
  <testcase classname="edu.yu.cs.com1320.project.stage5.impl.BaseDirNonNullTest" name="simpleDeleteInHeap" time="0"/>
  <testcase classname="edu.yu.cs.com1320.project.stage5.impl.BaseDirNonNullTest" name="getText" time="0.016"/>
  <testcase classname="edu.yu.cs.com1320.project.stage5.impl.BaseDirNonNullTest" name="simpleDeleteAllInHeap" time="0"/>
  <testcase classname="edu.yu.cs.com1320.project.stage5.impl.BaseDirNonNullTest" name="undoDeleteDocsUsed" time="0"/>
  <testcase classname="edu.yu.cs.com1320.project.stage5.impl.BaseDirNonNullTest" name="replaceTest" time="0.015"/>
  <testcase classname="edu.yu.cs.com1320.project.stage5.impl.BaseDirNonNullTest" name="getDocTextReheapify1" time="0"/>
  <testcase classname="edu.yu.cs.com1320.project.stage5.impl.BaseDirNonNullTest" name="getDocTextReheapify2" time="0"/>
  <testcase classname="edu.yu.cs.com1320.project.stage5.impl.BaseDirNonNullTest" name="searchPrefixList" time="0.016"/>
  <testcase classname="edu.yu.cs.com1320.project.stage5.impl.BaseDirNonNullTest" name="searchPrefixTest" time="0"/>
  <testcase classname="edu.yu.cs.com1320.project.stage5.impl.BaseDirNonNullTest" name="undoPutDocsUsed" time="0"/>
  <testcase classname="edu.yu.cs.com1320.project.stage5.impl.BaseDirNonNullTest" name="searchPDFPrefixReheapify1" time="0.016"/>
  <testcase classname="edu.yu.cs.com1320.project.stage5.impl.BaseDirNonNullTest" name="searchPDFPrefixReheapify2" time="0"/>
  <testcase classname="edu.yu.cs.com1320.project.stage5.impl.BaseDirNonNullTest" name="getText2" time="0.016"/>
</testsuite>